Determining if the pthread_create exist failed with the following output:
Change Dir: /home/yunfantang/duckietown/catkin_ws/build_isolated/dagu_car/CMakeFiles/CMakeTmp

Run Build Command:"/usr/bin/make" "cmTC_18485/fast"
/usr/bin/make -f CMakeFiles/cmTC_18485.dir/build.make CMakeFiles/cmTC_18485.dir/build
make[1]: Entering directory '/home/yunfantang/duckietown/catkin_ws/build_isolated/dagu_car/CMakeFiles/CMakeTmp'
Building C object CMakeFiles/cmTC_18485.dir/CheckSymbolExists.c.o
/usr/bin/cc     -o CMakeFiles/cmTC_18485.dir/CheckSymbolExists.c.o   -c /home/yunfantang/duckietown/catkin_ws/build_isolated/dagu_car/CMakeFiles/CMakeTmp/CheckSymbolExists.c
Linking C executable cmTC_18485
/usr/bin/cmake -E cmake_link_script CMakeFiles/cmTC_18485.dir/link.txt --verbose=1
/usr/bin/cc       CMakeFiles/cmTC_18485.dir/CheckSymbolExists.c.o  -o cmTC_18485 -rdynamic 
CMakeFiles/cmTC_18485.dir/CheckSymbolExists.c.o: In function `main':
CheckSymbolExists.c:(.text+0x16): undefined reference to `pthread_create'
collect2: error: ld returned 1 exit status
CMakeFiles/cmTC_18485.dir/build.make:97: recipe for target 'cmTC_18485' failed
make[1]: *** [cmTC_18485] Error 1
make[1]: Leaving directory '/home/yunfantang/duckietown/catkin_ws/build_isolated/dagu_car/CMakeFiles/CMakeTmp'
Makefile:126: recipe for target 'cmTC_18485/fast' failed
make: *** [cmTC_18485/fast] Error 2

File /home/yunfantang/duckietown/catkin_ws/build_isolated/dagu_car/CMakeFiles/CMakeTmp/CheckSymbolExists.c:
/* */
#include <pthread.h>

int main(int argc, char** argv)
{
  (void)argv;
#ifndef pthread_create
  return ((int*)(&pthread_create))[argc];
#else
  (void)argc;
  return 0;
#endif
}

Determining if the function pthread_create exists in the pthreads failed with the following output:
Change Dir: /home/yunfantang/duckietown/catkin_ws/build_isolated/dagu_car/CMakeFiles/CMakeTmp

Run Build Command:"/usr/bin/make" "cmTC_89ae6/fast"
/usr/bin/make -f CMakeFiles/cmTC_89ae6.dir/build.make CMakeFiles/cmTC_89ae6.dir/build
make[1]: Entering directory '/home/yunfantang/duckietown/catkin_ws/build_isolated/dagu_car/CMakeFiles/CMakeTmp'
Building C object CMakeFiles/cmTC_89ae6.dir/CheckFunctionExists.c.o
/usr/bin/cc    -DCHECK_FUNCTION_EXISTS=pthread_create   -o CMakeFiles/cmTC_89ae6.dir/CheckFunctionExists.c.o   -c /usr/share/cmake-3.5/Modules/CheckFunctionExists.c
Linking C executable cmTC_89ae6
/usr/bin/cmake -E cmake_link_script CMakeFiles/cmTC_89ae6.dir/link.txt --verbose=1
/usr/bin/cc   -DCHECK_FUNCTION_EXISTS=pthread_create    CMakeFiles/cmTC_89ae6.dir/CheckFunctionExists.c.o  -o cmTC_89ae6 -rdynamic -lpthreads 
/usr/bin/ld: cannot find -lpthreads
collect2: error: ld returned 1 exit status
CMakeFiles/cmTC_89ae6.dir/build.make:97: recipe for target 'cmTC_89ae6' failed
make[1]: *** [cmTC_89ae6] Error 1
make[1]: Leaving directory '/home/yunfantang/duckietown/catkin_ws/build_isolated/dagu_car/CMakeFiles/CMakeTmp'
Makefile:126: recipe for target 'cmTC_89ae6/fast' failed
make: *** [cmTC_89ae6/fast] Error 2


