Determining if the pthread_create exist failed with the following output:
Change Dir: /home/yunfantang/duckietown/catkin_ws/build_isolated/mdoap/CMakeFiles/CMakeTmp

Run Build Command:"/usr/bin/make" "cmTC_58e5f/fast"
/usr/bin/make -f CMakeFiles/cmTC_58e5f.dir/build.make CMakeFiles/cmTC_58e5f.dir/build
make[1]: Entering directory '/home/yunfantang/duckietown/catkin_ws/build_isolated/mdoap/CMakeFiles/CMakeTmp'
Building C object CMakeFiles/cmTC_58e5f.dir/CheckSymbolExists.c.o
/usr/bin/cc     -o CMakeFiles/cmTC_58e5f.dir/CheckSymbolExists.c.o   -c /home/yunfantang/duckietown/catkin_ws/build_isolated/mdoap/CMakeFiles/CMakeTmp/CheckSymbolExists.c
Linking C executable cmTC_58e5f
/usr/bin/cmake -E cmake_link_script CMakeFiles/cmTC_58e5f.dir/link.txt --verbose=1
/usr/bin/cc       CMakeFiles/cmTC_58e5f.dir/CheckSymbolExists.c.o  -o cmTC_58e5f -rdynamic 
CMakeFiles/cmTC_58e5f.dir/CheckSymbolExists.c.o: In function `main':
CheckSymbolExists.c:(.text+0x16): undefined reference to `pthread_create'
collect2: error: ld returned 1 exit status
CMakeFiles/cmTC_58e5f.dir/build.make:97: recipe for target 'cmTC_58e5f' failed
make[1]: *** [cmTC_58e5f] Error 1
make[1]: Leaving directory '/home/yunfantang/duckietown/catkin_ws/build_isolated/mdoap/CMakeFiles/CMakeTmp'
Makefile:126: recipe for target 'cmTC_58e5f/fast' failed
make: *** [cmTC_58e5f/fast] Error 2

File /home/yunfantang/duckietown/catkin_ws/build_isolated/mdoap/CMakeFiles/CMakeTmp/CheckSymbolExists.c:
/* */
#include <pthread.h>

int main(int argc, char** argv)
{
  (void)argv;
#ifndef pthread_create
  return ((int*)(&pthread_create))[argc];
#else
  (void)argc;
  return 0;
#endif
}

Determining if the function pthread_create exists in the pthreads failed with the following output:
Change Dir: /home/yunfantang/duckietown/catkin_ws/build_isolated/mdoap/CMakeFiles/CMakeTmp

Run Build Command:"/usr/bin/make" "cmTC_8ab18/fast"
/usr/bin/make -f CMakeFiles/cmTC_8ab18.dir/build.make CMakeFiles/cmTC_8ab18.dir/build
make[1]: Entering directory '/home/yunfantang/duckietown/catkin_ws/build_isolated/mdoap/CMakeFiles/CMakeTmp'
Building C object CMakeFiles/cmTC_8ab18.dir/CheckFunctionExists.c.o
/usr/bin/cc    -DCHECK_FUNCTION_EXISTS=pthread_create   -o CMakeFiles/cmTC_8ab18.dir/CheckFunctionExists.c.o   -c /usr/share/cmake-3.5/Modules/CheckFunctionExists.c
Linking C executable cmTC_8ab18
/usr/bin/cmake -E cmake_link_script CMakeFiles/cmTC_8ab18.dir/link.txt --verbose=1
/usr/bin/cc   -DCHECK_FUNCTION_EXISTS=pthread_create    CMakeFiles/cmTC_8ab18.dir/CheckFunctionExists.c.o  -o cmTC_8ab18 -rdynamic -lpthreads 
/usr/bin/ld: cannot find -lpthreads
collect2: error: ld returned 1 exit status
CMakeFiles/cmTC_8ab18.dir/build.make:97: recipe for target 'cmTC_8ab18' failed
make[1]: *** [cmTC_8ab18] Error 1
make[1]: Leaving directory '/home/yunfantang/duckietown/catkin_ws/build_isolated/mdoap/CMakeFiles/CMakeTmp'
Makefile:126: recipe for target 'cmTC_8ab18/fast' failed
make: *** [cmTC_8ab18/fast] Error 2


