Determining if the pthread_create exist failed with the following output:
Change Dir: /home/yunfantang/duckietown/catkin_ws/build_isolated/vehicle_detection/CMakeFiles/CMakeTmp

Run Build Command:"/usr/bin/make" "cmTC_3a28c/fast"
/usr/bin/make -f CMakeFiles/cmTC_3a28c.dir/build.make CMakeFiles/cmTC_3a28c.dir/build
make[1]: Entering directory '/home/yunfantang/duckietown/catkin_ws/build_isolated/vehicle_detection/CMakeFiles/CMakeTmp'
Building C object CMakeFiles/cmTC_3a28c.dir/CheckSymbolExists.c.o
/usr/bin/cc     -o CMakeFiles/cmTC_3a28c.dir/CheckSymbolExists.c.o   -c /home/yunfantang/duckietown/catkin_ws/build_isolated/vehicle_detection/CMakeFiles/CMakeTmp/CheckSymbolExists.c
Linking C executable cmTC_3a28c
/usr/bin/cmake -E cmake_link_script CMakeFiles/cmTC_3a28c.dir/link.txt --verbose=1
/usr/bin/cc       CMakeFiles/cmTC_3a28c.dir/CheckSymbolExists.c.o  -o cmTC_3a28c -rdynamic 
CMakeFiles/cmTC_3a28c.dir/CheckSymbolExists.c.o: In function `main':
CheckSymbolExists.c:(.text+0x16): undefined reference to `pthread_create'
collect2: error: ld returned 1 exit status
CMakeFiles/cmTC_3a28c.dir/build.make:97: recipe for target 'cmTC_3a28c' failed
make[1]: *** [cmTC_3a28c] Error 1
make[1]: Leaving directory '/home/yunfantang/duckietown/catkin_ws/build_isolated/vehicle_detection/CMakeFiles/CMakeTmp'
Makefile:126: recipe for target 'cmTC_3a28c/fast' failed
make: *** [cmTC_3a28c/fast] Error 2

File /home/yunfantang/duckietown/catkin_ws/build_isolated/vehicle_detection/CMakeFiles/CMakeTmp/CheckSymbolExists.c:
/* */
#include <pthread.h>

int main(int argc, char** argv)
{
  (void)argv;
#ifndef pthread_create
  return ((int*)(&pthread_create))[argc];
#else
  (void)argc;
  return 0;
#endif
}

Determining if the function pthread_create exists in the pthreads failed with the following output:
Change Dir: /home/yunfantang/duckietown/catkin_ws/build_isolated/vehicle_detection/CMakeFiles/CMakeTmp

Run Build Command:"/usr/bin/make" "cmTC_28f72/fast"
/usr/bin/make -f CMakeFiles/cmTC_28f72.dir/build.make CMakeFiles/cmTC_28f72.dir/build
make[1]: Entering directory '/home/yunfantang/duckietown/catkin_ws/build_isolated/vehicle_detection/CMakeFiles/CMakeTmp'
Building C object CMakeFiles/cmTC_28f72.dir/CheckFunctionExists.c.o
/usr/bin/cc    -DCHECK_FUNCTION_EXISTS=pthread_create   -o CMakeFiles/cmTC_28f72.dir/CheckFunctionExists.c.o   -c /usr/share/cmake-3.5/Modules/CheckFunctionExists.c
Linking C executable cmTC_28f72
/usr/bin/cmake -E cmake_link_script CMakeFiles/cmTC_28f72.dir/link.txt --verbose=1
/usr/bin/cc   -DCHECK_FUNCTION_EXISTS=pthread_create    CMakeFiles/cmTC_28f72.dir/CheckFunctionExists.c.o  -o cmTC_28f72 -rdynamic -lpthreads 
/usr/bin/ld: cannot find -lpthreads
collect2: error: ld returned 1 exit status
CMakeFiles/cmTC_28f72.dir/build.make:97: recipe for target 'cmTC_28f72' failed
make[1]: *** [cmTC_28f72] Error 1
make[1]: Leaving directory '/home/yunfantang/duckietown/catkin_ws/build_isolated/vehicle_detection/CMakeFiles/CMakeTmp'
Makefile:126: recipe for target 'cmTC_28f72/fast' failed
make: *** [cmTC_28f72/fast] Error 2


