Determining if the pthread_create exist failed with the following output:
Change Dir: /home/yunfantang/duckietown/catkin_ws/build_isolated/what_the_duck/CMakeFiles/CMakeTmp

Run Build Command:"/usr/bin/make" "cmTC_c7d3b/fast"
/usr/bin/make -f CMakeFiles/cmTC_c7d3b.dir/build.make CMakeFiles/cmTC_c7d3b.dir/build
make[1]: Entering directory '/home/yunfantang/duckietown/catkin_ws/build_isolated/what_the_duck/CMakeFiles/CMakeTmp'
Building C object CMakeFiles/cmTC_c7d3b.dir/CheckSymbolExists.c.o
/usr/bin/cc     -o CMakeFiles/cmTC_c7d3b.dir/CheckSymbolExists.c.o   -c /home/yunfantang/duckietown/catkin_ws/build_isolated/what_the_duck/CMakeFiles/CMakeTmp/CheckSymbolExists.c
Linking C executable cmTC_c7d3b
/usr/bin/cmake -E cmake_link_script CMakeFiles/cmTC_c7d3b.dir/link.txt --verbose=1
/usr/bin/cc       CMakeFiles/cmTC_c7d3b.dir/CheckSymbolExists.c.o  -o cmTC_c7d3b -rdynamic 
CMakeFiles/cmTC_c7d3b.dir/CheckSymbolExists.c.o: In function `main':
CheckSymbolExists.c:(.text+0x16): undefined reference to `pthread_create'
collect2: error: ld returned 1 exit status
CMakeFiles/cmTC_c7d3b.dir/build.make:97: recipe for target 'cmTC_c7d3b' failed
make[1]: *** [cmTC_c7d3b] Error 1
make[1]: Leaving directory '/home/yunfantang/duckietown/catkin_ws/build_isolated/what_the_duck/CMakeFiles/CMakeTmp'
Makefile:126: recipe for target 'cmTC_c7d3b/fast' failed
make: *** [cmTC_c7d3b/fast] Error 2

File /home/yunfantang/duckietown/catkin_ws/build_isolated/what_the_duck/CMakeFiles/CMakeTmp/CheckSymbolExists.c:
/* */
#include <pthread.h>

int main(int argc, char** argv)
{
  (void)argv;
#ifndef pthread_create
  return ((int*)(&pthread_create))[argc];
#else
  (void)argc;
  return 0;
#endif
}

Determining if the function pthread_create exists in the pthreads failed with the following output:
Change Dir: /home/yunfantang/duckietown/catkin_ws/build_isolated/what_the_duck/CMakeFiles/CMakeTmp

Run Build Command:"/usr/bin/make" "cmTC_17fae/fast"
/usr/bin/make -f CMakeFiles/cmTC_17fae.dir/build.make CMakeFiles/cmTC_17fae.dir/build
make[1]: Entering directory '/home/yunfantang/duckietown/catkin_ws/build_isolated/what_the_duck/CMakeFiles/CMakeTmp'
Building C object CMakeFiles/cmTC_17fae.dir/CheckFunctionExists.c.o
/usr/bin/cc    -DCHECK_FUNCTION_EXISTS=pthread_create   -o CMakeFiles/cmTC_17fae.dir/CheckFunctionExists.c.o   -c /usr/share/cmake-3.5/Modules/CheckFunctionExists.c
Linking C executable cmTC_17fae
/usr/bin/cmake -E cmake_link_script CMakeFiles/cmTC_17fae.dir/link.txt --verbose=1
/usr/bin/cc   -DCHECK_FUNCTION_EXISTS=pthread_create    CMakeFiles/cmTC_17fae.dir/CheckFunctionExists.c.o  -o cmTC_17fae -rdynamic -lpthreads 
/usr/bin/ld: cannot find -lpthreads
collect2: error: ld returned 1 exit status
CMakeFiles/cmTC_17fae.dir/build.make:97: recipe for target 'cmTC_17fae' failed
make[1]: *** [cmTC_17fae] Error 1
make[1]: Leaving directory '/home/yunfantang/duckietown/catkin_ws/build_isolated/what_the_duck/CMakeFiles/CMakeTmp'
Makefile:126: recipe for target 'cmTC_17fae/fast' failed
make: *** [cmTC_17fae/fast] Error 2


