Determining if the pthread_create exist failed with the following output:
Change Dir: /home/yunfantang/duckietown/catkin_ws/build_isolated/veh_coordinator/CMakeFiles/CMakeTmp

Run Build Command:"/usr/bin/make" "cmTC_5fbdf/fast"
/usr/bin/make -f CMakeFiles/cmTC_5fbdf.dir/build.make CMakeFiles/cmTC_5fbdf.dir/build
make[1]: Entering directory '/home/yunfantang/duckietown/catkin_ws/build_isolated/veh_coordinator/CMakeFiles/CMakeTmp'
Building C object CMakeFiles/cmTC_5fbdf.dir/CheckSymbolExists.c.o
/usr/bin/cc     -o CMakeFiles/cmTC_5fbdf.dir/CheckSymbolExists.c.o   -c /home/yunfantang/duckietown/catkin_ws/build_isolated/veh_coordinator/CMakeFiles/CMakeTmp/CheckSymbolExists.c
Linking C executable cmTC_5fbdf
/usr/bin/cmake -E cmake_link_script CMakeFiles/cmTC_5fbdf.dir/link.txt --verbose=1
/usr/bin/cc       CMakeFiles/cmTC_5fbdf.dir/CheckSymbolExists.c.o  -o cmTC_5fbdf -rdynamic 
CMakeFiles/cmTC_5fbdf.dir/CheckSymbolExists.c.o: In function `main':
CheckSymbolExists.c:(.text+0x16): undefined reference to `pthread_create'
collect2: error: ld returned 1 exit status
CMakeFiles/cmTC_5fbdf.dir/build.make:97: recipe for target 'cmTC_5fbdf' failed
make[1]: *** [cmTC_5fbdf] Error 1
make[1]: Leaving directory '/home/yunfantang/duckietown/catkin_ws/build_isolated/veh_coordinator/CMakeFiles/CMakeTmp'
Makefile:126: recipe for target 'cmTC_5fbdf/fast' failed
make: *** [cmTC_5fbdf/fast] Error 2

File /home/yunfantang/duckietown/catkin_ws/build_isolated/veh_coordinator/CMakeFiles/CMakeTmp/CheckSymbolExists.c:
/* */
#include <pthread.h>

int main(int argc, char** argv)
{
  (void)argv;
#ifndef pthread_create
  return ((int*)(&pthread_create))[argc];
#else
  (void)argc;
  return 0;
#endif
}

Determining if the function pthread_create exists in the pthreads failed with the following output:
Change Dir: /home/yunfantang/duckietown/catkin_ws/build_isolated/veh_coordinator/CMakeFiles/CMakeTmp

Run Build Command:"/usr/bin/make" "cmTC_8b162/fast"
/usr/bin/make -f CMakeFiles/cmTC_8b162.dir/build.make CMakeFiles/cmTC_8b162.dir/build
make[1]: Entering directory '/home/yunfantang/duckietown/catkin_ws/build_isolated/veh_coordinator/CMakeFiles/CMakeTmp'
Building C object CMakeFiles/cmTC_8b162.dir/CheckFunctionExists.c.o
/usr/bin/cc    -DCHECK_FUNCTION_EXISTS=pthread_create   -o CMakeFiles/cmTC_8b162.dir/CheckFunctionExists.c.o   -c /usr/share/cmake-3.5/Modules/CheckFunctionExists.c
Linking C executable cmTC_8b162
/usr/bin/cmake -E cmake_link_script CMakeFiles/cmTC_8b162.dir/link.txt --verbose=1
/usr/bin/cc   -DCHECK_FUNCTION_EXISTS=pthread_create    CMakeFiles/cmTC_8b162.dir/CheckFunctionExists.c.o  -o cmTC_8b162 -rdynamic -lpthreads 
/usr/bin/ld: cannot find -lpthreads
collect2: error: ld returned 1 exit status
CMakeFiles/cmTC_8b162.dir/build.make:97: recipe for target 'cmTC_8b162' failed
make[1]: *** [cmTC_8b162] Error 1
make[1]: Leaving directory '/home/yunfantang/duckietown/catkin_ws/build_isolated/veh_coordinator/CMakeFiles/CMakeTmp'
Makefile:126: recipe for target 'cmTC_8b162/fast' failed
make: *** [cmTC_8b162/fast] Error 2


